
*** Running vivado
    with args -log circuit_tr_signal.vds -m64 -product Vivado -mode batch -messageDb vivado.pb -notrace -source circuit_tr_signal.tcl



****** Vivado v2020.2 (64-bit)
  **** SW Build 3064766 on Wed Nov 18 09:12:45 MST 2020
  **** IP Build 3064653 on Wed Nov 18 14:17:31 MST 2020
    ** Copyright 1986-2020 Xilinx, Inc. All Rights Reserved.

source circuit_tr_signal.tcl -notrace
INFO: [IP_Flow 19-234] Refreshing IP repositories
INFO: [IP_Flow 19-1704] No user IP repositories specified
INFO: [IP_Flow 19-2313] Loaded Vivado IP repository 'F:/Xilinx/Install/Vivado/2020.2/data/ip'.
add_files: Time (s): cpu = 00:00:01 ; elapsed = 00:00:06 . Memory (MB): peak = 1113.922 ; gain = 0.000
Command: synth_design -top circuit_tr_signal -part xc7z010clg400-1
Starting synth_design
Attempting to get a license for feature 'Synthesis' and/or device 'xc7z010'
INFO: [Common 17-349] Got license for feature 'Synthesis' and/or device 'xc7z010'
INFO: [Device 21-403] Loading part xc7z010clg400-1
INFO: [Synth 8-7079] Multithreading enabled for synth_design using a maximum of 2 processes.
INFO: [Synth 8-7078] Launching helper process for spawning children vivado processes
INFO: [Synth 8-7075] Helper process launched with PID 21780
---------------------------------------------------------------------------------
Starting RTL Elaboration : Time (s): cpu = 00:00:02 ; elapsed = 00:00:02 . Memory (MB): peak = 1113.922 ; gain = 0.000
---------------------------------------------------------------------------------
INFO: [Synth 8-638] synthesizing module 'circuit_tr_signal' [F:/Xilinx/Projects/S4_APP2/pb_logique_seq.srcs/sources_1/imports/new/circuit_tr_signal.vhd:84]
	Parameter mode_simulation bound to: 1'b0 
	Parameter cst_CLK_syst_Hz bound to: 125000000 - type: integer 
INFO: [Synth 8-3491] module 'synchro_codec_v1' declared at 'F:/Xilinx/Projects/S4_APP2/pb_logique_seq.srcs/sources_1/imports/new/synchro_codec_v1.vhd:43' bound to instance 'inst_synchro' of component 'synchro_codec_v1' [F:/Xilinx/Projects/S4_APP2/pb_logique_seq.srcs/sources_1/imports/new/circuit_tr_signal.vhd:182]
INFO: [Synth 8-638] synthesizing module 'synchro_codec_v1' [F:/Xilinx/Projects/S4_APP2/pb_logique_seq.srcs/sources_1/imports/new/synchro_codec_v1.vhd:66]
	Parameter cst_CLK_syst_Hz bound to: 125000000 - type: integer 
	Parameter const_CLK_syst_Hz bound to: 125000000 - type: integer 
INFO: [Synth 8-3491] module 'synchro_zybo_v1' declared at 'F:/Xilinx/Projects/S4_APP2/pb_logique_seq.srcs/sources_1/imports/new/synchro_zybo_v1.vhd:44' bound to instance 'inst_synchro' of component 'synchro_zybo_v1' [F:/Xilinx/Projects/S4_APP2/pb_logique_seq.srcs/sources_1/imports/new/synchro_codec_v1.vhd:111]
INFO: [Synth 8-638] synthesizing module 'synchro_zybo_v1' [F:/Xilinx/Projects/S4_APP2/pb_logique_seq.srcs/sources_1/imports/new/synchro_zybo_v1.vhd:57]
	Parameter const_CLK_syst_Hz bound to: 125000000 - type: integer 
	Parameter BANDWIDTH bound to: OPTIMIZED - type: string 
	Parameter CLKFBOUT_MULT bound to: 56 - type: integer 
	Parameter CLKFBOUT_PHASE bound to: 0.000000 - type: double 
	Parameter CLKIN1_PERIOD bound to: 8.000000 - type: double 
	Parameter CLKOUT0_DIVIDE bound to: 28 - type: integer 
	Parameter CLKOUT0_DUTY_CYCLE bound to: 0.500000 - type: double 
	Parameter CLKOUT0_PHASE bound to: 0.000000 - type: double 
	Parameter CLKOUT1_DIVIDE bound to: 113 - type: integer 
	Parameter CLKOUT1_DUTY_CYCLE bound to: 0.500000 - type: double 
	Parameter CLKOUT1_PHASE bound to: 0.000000 - type: double 
	Parameter CLKOUT2_DIVIDE bound to: 1 - type: integer 
	Parameter CLKOUT2_DUTY_CYCLE bound to: 0.500000 - type: double 
	Parameter CLKOUT2_PHASE bound to: 0.000000 - type: double 
	Parameter CLKOUT3_DIVIDE bound to: 1 - type: integer 
	Parameter CLKOUT3_DUTY_CYCLE bound to: 0.500000 - type: double 
	Parameter CLKOUT3_PHASE bound to: 0.000000 - type: double 
	Parameter CLKOUT4_DIVIDE bound to: 1 - type: integer 
	Parameter CLKOUT4_DUTY_CYCLE bound to: 0.500000 - type: double 
	Parameter CLKOUT4_PHASE bound to: 0.000000 - type: double 
	Parameter CLKOUT5_DIVIDE bound to: 1 - type: integer 
	Parameter CLKOUT5_DUTY_CYCLE bound to: 0.500000 - type: double 
	Parameter CLKOUT5_PHASE bound to: 0.000000 - type: double 
	Parameter DIVCLK_DIVIDE bound to: 5 - type: integer 
	Parameter REF_JITTER1 bound to: 0.010000 - type: double 
	Parameter STARTUP_WAIT bound to: FALSE - type: string 
INFO: [Synth 8-113] binding component instance 'PLLE2_BASE_inst' to cell 'PLLE2_BASE' [F:/Xilinx/Projects/S4_APP2/pb_logique_seq.srcs/sources_1/imports/new/synchro_zybo_v1.vhd:138]
INFO: [Synth 8-113] binding component instance 'ClockBuf0' to cell 'BUFG' [F:/Xilinx/Projects/S4_APP2/pb_logique_seq.srcs/sources_1/imports/new/synchro_zybo_v1.vhd:190]
INFO: [Synth 8-113] binding component instance 'ClockBufer1' to cell 'BUFG' [F:/Xilinx/Projects/S4_APP2/pb_logique_seq.srcs/sources_1/imports/new/synchro_zybo_v1.vhd:197]
INFO: [Synth 8-3491] module 'strb_gen' declared at 'F:/Xilinx/Projects/S4_APP2/pb_logique_seq.srcs/sources_1/imports/new/strb_gen_v3.vhd:30' bound to instance 'inst_strb_1000Hz' of component 'strb_gen' [F:/Xilinx/Projects/S4_APP2/pb_logique_seq.srcs/sources_1/imports/new/synchro_zybo_v1.vhd:235]
INFO: [Synth 8-638] synthesizing module 'strb_gen' [F:/Xilinx/Projects/S4_APP2/pb_logique_seq.srcs/sources_1/imports/new/strb_gen_v3.vhd:40]
INFO: [Synth 8-256] done synthesizing module 'strb_gen' (1#1) [F:/Xilinx/Projects/S4_APP2/pb_logique_seq.srcs/sources_1/imports/new/strb_gen_v3.vhd:40]
INFO: [Synth 8-3491] module 'strb_gen' declared at 'F:/Xilinx/Projects/S4_APP2/pb_logique_seq.srcs/sources_1/imports/new/strb_gen_v3.vhd:30' bound to instance 'inst_strb_1Hz' of component 'strb_gen' [F:/Xilinx/Projects/S4_APP2/pb_logique_seq.srcs/sources_1/imports/new/synchro_zybo_v1.vhd:243]
INFO: [Synth 8-256] done synthesizing module 'synchro_zybo_v1' (2#1) [F:/Xilinx/Projects/S4_APP2/pb_logique_seq.srcs/sources_1/imports/new/synchro_zybo_v1.vhd:57]
INFO: [Synth 8-3491] module 'gen_clk_codec' declared at 'F:/Xilinx/Projects/S4_APP2/pb_logique_seq.srcs/sources_1/imports/new/gen_clk_codec.vhd:39' bound to instance 'inst_gen_clk_codec' of component 'gen_clk_codec' [F:/Xilinx/Projects/S4_APP2/pb_logique_seq.srcs/sources_1/imports/new/synchro_codec_v1.vhd:123]
INFO: [Synth 8-638] synthesizing module 'gen_clk_codec' [F:/Xilinx/Projects/S4_APP2/pb_logique_seq.srcs/sources_1/imports/new/gen_clk_codec.vhd:48]
INFO: [Synth 8-113] binding component instance 'ClockBufer1' to cell 'BUFG' [F:/Xilinx/Projects/S4_APP2/pb_logique_seq.srcs/sources_1/imports/new/gen_clk_codec.vhd:117]
INFO: [Synth 8-256] done synthesizing module 'gen_clk_codec' (3#1) [F:/Xilinx/Projects/S4_APP2/pb_logique_seq.srcs/sources_1/imports/new/gen_clk_codec.vhd:48]
INFO: [Synth 8-256] done synthesizing module 'synchro_codec_v1' (4#1) [F:/Xilinx/Projects/S4_APP2/pb_logique_seq.srcs/sources_1/imports/new/synchro_codec_v1.vhd:66]
INFO: [Synth 8-3491] module 'init_codec_v2' declared at 'F:/Xilinx/Projects/S4_APP2/pb_logique_seq.srcs/sources_1/imports/new/init_codec_v2.vhd:60' bound to instance 'inst_init_codec' of component 'init_codec_v2' [F:/Xilinx/Projects/S4_APP2/pb_logique_seq.srcs/sources_1/imports/new/circuit_tr_signal.vhd:196]
INFO: [Synth 8-638] synthesizing module 'init_codec_v2' [F:/Xilinx/Projects/S4_APP2/pb_logique_seq.srcs/sources_1/imports/new/init_codec_v2.vhd:82]
	Parameter c_clk_freq_Hz bound to: 50000000 - type: integer 
	Parameter c_bus_i2c_bps bound to: 100000 - type: integer 
INFO: [Synth 8-3491] module 'ctrl_i2c_V4_ssm2603' declared at 'F:/Xilinx/Projects/S4_APP2/pb_logique_seq.srcs/sources_1/imports/new/ctrl_i2c_V4_codec_ssm2603.vhd:53' bound to instance 'inst_ctrl_i2c' of component 'ctrl_i2c_v4_ssm2603' [F:/Xilinx/Projects/S4_APP2/pb_logique_seq.srcs/sources_1/imports/new/init_codec_v2.vhd:218]
INFO: [Synth 8-638] synthesizing module 'ctrl_i2c_V4_ssm2603' [F:/Xilinx/Projects/S4_APP2/pb_logique_seq.srcs/sources_1/imports/new/ctrl_i2c_V4_codec_ssm2603.vhd:77]
	Parameter c_clk_freq_Hz bound to: 50000000 - type: integer 
	Parameter c_bus_i2c_bps bound to: 100000 - type: integer 
	Parameter input_clk bound to: 50000000 - type: integer 
	Parameter bus_clk bound to: 100000 - type: integer 
INFO: [Synth 8-3491] module 'i2c_master' declared at 'F:/Xilinx/Projects/S4_APP2/pb_logique_seq.srcs/sources_1/imports/new/i2c_master.vhd:36' bound to instance 'inst_i2c_master' of component 'i2c_master' [F:/Xilinx/Projects/S4_APP2/pb_logique_seq.srcs/sources_1/imports/new/ctrl_i2c_V4_codec_ssm2603.vhd:147]
INFO: [Synth 8-638] synthesizing module 'i2c_master' [F:/Xilinx/Projects/S4_APP2/pb_logique_seq.srcs/sources_1/imports/new/i2c_master.vhd:54]
	Parameter input_clk bound to: 50000000 - type: integer 
	Parameter bus_clk bound to: 100000 - type: integer 
INFO: [Synth 8-256] done synthesizing module 'i2c_master' (5#1) [F:/Xilinx/Projects/S4_APP2/pb_logique_seq.srcs/sources_1/imports/new/i2c_master.vhd:54]
WARNING: [Synth 8-614] signal 'i_stb_read' is read in the process but is not in the sensitivity list [F:/Xilinx/Projects/S4_APP2/pb_logique_seq.srcs/sources_1/imports/new/ctrl_i2c_V4_codec_ssm2603.vhd:167]
WARNING: [Synth 8-614] signal 'i_stb_write' is read in the process but is not in the sensitivity list [F:/Xilinx/Projects/S4_APP2/pb_logique_seq.srcs/sources_1/imports/new/ctrl_i2c_V4_codec_ssm2603.vhd:167]
WARNING: [Synth 8-614] signal 'd_delai_synch' is read in the process but is not in the sensitivity list [F:/Xilinx/Projects/S4_APP2/pb_logique_seq.srcs/sources_1/imports/new/ctrl_i2c_V4_codec_ssm2603.vhd:216]
INFO: [Synth 8-256] done synthesizing module 'ctrl_i2c_V4_ssm2603' (6#1) [F:/Xilinx/Projects/S4_APP2/pb_logique_seq.srcs/sources_1/imports/new/ctrl_i2c_V4_codec_ssm2603.vhd:77]
WARNING: [Synth 8-614] signal 'd_strobe_1000Hz' is read in the process but is not in the sensitivity list [F:/Xilinx/Projects/S4_APP2/pb_logique_seq.srcs/sources_1/imports/new/init_codec_v2.vhd:241]
WARNING: [Synth 8-614] signal 'd_cfg_busy' is read in the process but is not in the sensitivity list [F:/Xilinx/Projects/S4_APP2/pb_logique_seq.srcs/sources_1/imports/new/init_codec_v2.vhd:296]
WARNING: [Synth 8-614] signal 'd_strobe_trame_I2C' is read in the process but is not in the sensitivity list [F:/Xilinx/Projects/S4_APP2/pb_logique_seq.srcs/sources_1/imports/new/init_codec_v2.vhd:296]
INFO: [Synth 8-256] done synthesizing module 'init_codec_v2' (7#1) [F:/Xilinx/Projects/S4_APP2/pb_logique_seq.srcs/sources_1/imports/new/init_codec_v2.vhd:82]
INFO: [Synth 8-3491] module 'design_1' declared at 'f:/Xilinx/Projects/S4_APP2/pb_logique_seq.gen/sources_1/bd/design_1/synth/design_1.vhd:416' bound to instance 'design_1_i' of component 'design_1' [F:/Xilinx/Projects/S4_APP2/pb_logique_seq.srcs/sources_1/imports/new/circuit_tr_signal.vhd:214]
INFO: [Synth 8-638] synthesizing module 'design_1' [f:/Xilinx/Projects/S4_APP2/pb_logique_seq.gen/sources_1/bd/design_1/synth/design_1.vhd:435]
INFO: [Synth 8-3491] module 'design_1_affhexPmodSSD_v3_0_0' declared at 'F:/Xilinx/Projects/S4_APP2/pb_logique_seq.runs/synth_1/.Xil/Vivado-20796-DESKTOP-8BOTKE1/realtime/design_1_affhexPmodSSD_v3_0_0_stub.vhdl:5' bound to instance 'M10_conversion_affichage' of component 'design_1_affhexPmodSSD_v3_0_0' [f:/Xilinx/Projects/S4_APP2/pb_logique_seq.gen/sources_1/bd/design_1/synth/design_1.vhd:555]
INFO: [Synth 8-638] synthesizing module 'design_1_affhexPmodSSD_v3_0_0' [F:/Xilinx/Projects/S4_APP2/pb_logique_seq.runs/synth_1/.Xil/Vivado-20796-DESKTOP-8BOTKE1/realtime/design_1_affhexPmodSSD_v3_0_0_stub.vhdl:16]
INFO: [Synth 8-638] synthesizing module 'M1_decodeur_i2s_imp_17RYJKZ' [f:/Xilinx/Projects/S4_APP2/pb_logique_seq.gen/sources_1/bd/design_1/synth/design_1.vhd:26]
INFO: [Synth 8-3491] module 'design_1_mef_decod_i2s_v1b_0_0' declared at 'F:/Xilinx/Projects/S4_APP2/pb_logique_seq.runs/synth_1/.Xil/Vivado-20796-DESKTOP-8BOTKE1/realtime/design_1_mef_decod_i2s_v1b_0_0_stub.vhdl:5' bound to instance 'MEF_decodeur_i2s' of component 'design_1_mef_decod_i2s_v1b_0_0' [f:/Xilinx/Projects/S4_APP2/pb_logique_seq.gen/sources_1/bd/design_1/synth/design_1.vhd:110]
INFO: [Synth 8-638] synthesizing module 'design_1_mef_decod_i2s_v1b_0_0' [F:/Xilinx/Projects/S4_APP2/pb_logique_seq.runs/synth_1/.Xil/Vivado-20796-DESKTOP-8BOTKE1/realtime/design_1_mef_decod_i2s_v1b_0_0_stub.vhdl:20]
INFO: [Synth 8-3491] module 'design_1_compteur_nbits_0_0' declared at 'F:/Xilinx/Projects/S4_APP2/pb_logique_seq.runs/synth_1/.Xil/Vivado-20796-DESKTOP-8BOTKE1/realtime/design_1_compteur_nbits_0_0_stub.vhdl:5' bound to instance 'compteur_7bits' of component 'design_1_compteur_nbits_0_0' [f:/Xilinx/Projects/S4_APP2/pb_logique_seq.gen/sources_1/bd/design_1/synth/design_1.vhd:122]
INFO: [Synth 8-638] synthesizing module 'design_1_compteur_nbits_0_0' [F:/Xilinx/Projects/S4_APP2/pb_logique_seq.runs/synth_1/.Xil/Vivado-20796-DESKTOP-8BOTKE1/realtime/design_1_compteur_nbits_0_0_stub.vhdl:15]
INFO: [Synth 8-3491] module 'design_1_reg_24b_0_0' declared at 'F:/Xilinx/Projects/S4_APP2/pb_logique_seq.runs/synth_1/.Xil/Vivado-20796-DESKTOP-8BOTKE1/realtime/design_1_reg_24b_0_0_stub.vhdl:5' bound to instance 'registre_24bits_droite' of component 'design_1_reg_24b_0_0' [f:/Xilinx/Projects/S4_APP2/pb_logique_seq.gen/sources_1/bd/design_1/synth/design_1.vhd:129]
INFO: [Synth 8-638] synthesizing module 'design_1_reg_24b_0_0' [F:/Xilinx/Projects/S4_APP2/pb_logique_seq.runs/synth_1/.Xil/Vivado-20796-DESKTOP-8BOTKE1/realtime/design_1_reg_24b_0_0_stub.vhdl:16]
INFO: [Synth 8-3491] module 'design_1_reg_24b_0_1' declared at 'F:/Xilinx/Projects/S4_APP2/pb_logique_seq.runs/synth_1/.Xil/Vivado-20796-DESKTOP-8BOTKE1/realtime/design_1_reg_24b_0_1_stub.vhdl:5' bound to instance 'registre_24bits_gauche' of component 'design_1_reg_24b_0_1' [f:/Xilinx/Projects/S4_APP2/pb_logique_seq.gen/sources_1/bd/design_1/synth/design_1.vhd:137]
INFO: [Synth 8-638] synthesizing module 'design_1_reg_24b_0_1' [F:/Xilinx/Projects/S4_APP2/pb_logique_seq.runs/synth_1/.Xil/Vivado-20796-DESKTOP-8BOTKE1/realtime/design_1_reg_24b_0_1_stub.vhdl:16]
INFO: [Synth 8-3491] module 'design_1_reg_dec_24b_0_0' declared at 'F:/Xilinx/Projects/S4_APP2/pb_logique_seq.runs/synth_1/.Xil/Vivado-20796-DESKTOP-8BOTKE1/realtime/design_1_reg_dec_24b_0_0_stub.vhdl:5' bound to instance 'registre_decalage_24bits' of component 'design_1_reg_dec_24b_0_0' [f:/Xilinx/Projects/S4_APP2/pb_logique_seq.gen/sources_1/bd/design_1/synth/design_1.vhd:145]
INFO: [Synth 8-638] synthesizing module 'design_1_reg_dec_24b_0_0' [F:/Xilinx/Projects/S4_APP2/pb_logique_seq.runs/synth_1/.Xil/Vivado-20796-DESKTOP-8BOTKE1/realtime/design_1_reg_dec_24b_0_0_stub.vhdl:18]
INFO: [Synth 8-3491] module 'design_1_xlconstant_0_2' declared at 'f:/Xilinx/Projects/S4_APP2/pb_logique_seq.gen/sources_1/bd/design_1/ip/design_1_xlconstant_0_2/synth/design_1_xlconstant_0_2.v:57' bound to instance 'xlconstant_0' of component 'design_1_xlconstant_0_2' [f:/Xilinx/Projects/S4_APP2/pb_logique_seq.gen/sources_1/bd/design_1/synth/design_1.vhd:155]
INFO: [Synth 8-6157] synthesizing module 'design_1_xlconstant_0_2' [f:/Xilinx/Projects/S4_APP2/pb_logique_seq.gen/sources_1/bd/design_1/ip/design_1_xlconstant_0_2/synth/design_1_xlconstant_0_2.v:57]
INFO: [Synth 8-6157] synthesizing module 'xlconstant_v1_1_7_xlconstant' [f:/Xilinx/Projects/S4_APP2/pb_logique_seq.gen/sources_1/bd/design_1/ipshared/fcfc/hdl/xlconstant_v1_1_vl_rfs.v:23]
	Parameter CONST_VAL bound to: 1'b0 
	Parameter CONST_WIDTH bound to: 1 - type: integer 
INFO: [Synth 8-6155] done synthesizing module 'xlconstant_v1_1_7_xlconstant' (8#1) [f:/Xilinx/Projects/S4_APP2/pb_logique_seq.gen/sources_1/bd/design_1/ipshared/fcfc/hdl/xlconstant_v1_1_vl_rfs.v:23]
INFO: [Synth 8-6155] done synthesizing module 'design_1_xlconstant_0_2' (9#1) [f:/Xilinx/Projects/S4_APP2/pb_logique_seq.gen/sources_1/bd/design_1/ip/design_1_xlconstant_0_2/synth/design_1_xlconstant_0_2.v:57]
INFO: [Synth 8-3491] module 'design_1_xlconstant_0_3' declared at 'f:/Xilinx/Projects/S4_APP2/pb_logique_seq.gen/sources_1/bd/design_1/ip/design_1_xlconstant_0_3/synth/design_1_xlconstant_0_3.v:57' bound to instance 'xlconstant_1' of component 'design_1_xlconstant_0_3' [f:/Xilinx/Projects/S4_APP2/pb_logique_seq.gen/sources_1/bd/design_1/synth/design_1.vhd:159]
INFO: [Synth 8-6157] synthesizing module 'design_1_xlconstant_0_3' [f:/Xilinx/Projects/S4_APP2/pb_logique_seq.gen/sources_1/bd/design_1/ip/design_1_xlconstant_0_3/synth/design_1_xlconstant_0_3.v:57]
INFO: [Synth 8-6157] synthesizing module 'xlconstant_v1_1_7_xlconstant__parameterized0' [f:/Xilinx/Projects/S4_APP2/pb_logique_seq.gen/sources_1/bd/design_1/ipshared/fcfc/hdl/xlconstant_v1_1_vl_rfs.v:23]
	Parameter CONST_VAL bound to: 24'b000000000000000000000001 
	Parameter CONST_WIDTH bound to: 24 - type: integer 
INFO: [Synth 8-6155] done synthesizing module 'xlconstant_v1_1_7_xlconstant__parameterized0' (9#1) [f:/Xilinx/Projects/S4_APP2/pb_logique_seq.gen/sources_1/bd/design_1/ipshared/fcfc/hdl/xlconstant_v1_1_vl_rfs.v:23]
INFO: [Synth 8-6155] done synthesizing module 'design_1_xlconstant_0_3' (10#1) [f:/Xilinx/Projects/S4_APP2/pb_logique_seq.gen/sources_1/bd/design_1/ip/design_1_xlconstant_0_3/synth/design_1_xlconstant_0_3.v:57]
INFO: [Synth 8-256] done synthesizing module 'M1_decodeur_i2s_imp_17RYJKZ' (11#1) [f:/Xilinx/Projects/S4_APP2/pb_logique_seq.gen/sources_1/bd/design_1/synth/design_1.vhd:26]
INFO: [Synth 8-3491] module 'design_1_sig_fct_sat_dure_0_0' declared at 'F:/Xilinx/Projects/S4_APP2/pb_logique_seq.runs/synth_1/.Xil/Vivado-20796-DESKTOP-8BOTKE1/realtime/design_1_sig_fct_sat_dure_0_0_stub.vhdl:5' bound to instance 'M2_fonction_distortion_dure1' of component 'design_1_sig_fct_sat_dure_0_0' [f:/Xilinx/Projects/S4_APP2/pb_logique_seq.gen/sources_1/bd/design_1/synth/design_1.vhd:573]
INFO: [Synth 8-638] synthesizing module 'design_1_sig_fct_sat_dure_0_0' [F:/Xilinx/Projects/S4_APP2/pb_logique_seq.runs/synth_1/.Xil/Vivado-20796-DESKTOP-8BOTKE1/realtime/design_1_sig_fct_sat_dure_0_0_stub.vhdl:13]
INFO: [Synth 8-3491] module 'design_1_sig_fct_sat_dure_0_1' declared at 'F:/Xilinx/Projects/S4_APP2/pb_logique_seq.runs/synth_1/.Xil/Vivado-20796-DESKTOP-8BOTKE1/realtime/design_1_sig_fct_sat_dure_0_1_stub.vhdl:5' bound to instance 'M3_fonction_distorsion_dure2' of component 'design_1_sig_fct_sat_dure_0_1' [f:/Xilinx/Projects/S4_APP2/pb_logique_seq.gen/sources_1/bd/design_1/synth/design_1.vhd:578]
INFO: [Synth 8-638] synthesizing module 'design_1_sig_fct_sat_dure_0_1' [F:/Xilinx/Projects/S4_APP2/pb_logique_seq.runs/synth_1/.Xil/Vivado-20796-DESKTOP-8BOTKE1/realtime/design_1_sig_fct_sat_dure_0_1_stub.vhdl:13]
INFO: [Synth 8-3491] module 'design_1_sig_fct_3_0_0' declared at 'F:/Xilinx/Projects/S4_APP2/pb_logique_seq.runs/synth_1/.Xil/Vivado-20796-DESKTOP-8BOTKE1/realtime/design_1_sig_fct_3_0_0_stub.vhdl:5' bound to instance 'M4_fonction3' of component 'design_1_sig_fct_3_0_0' [f:/Xilinx/Projects/S4_APP2/pb_logique_seq.gen/sources_1/bd/design_1/synth/design_1.vhd:583]
INFO: [Synth 8-638] synthesizing module 'design_1_sig_fct_3_0_0' [F:/Xilinx/Projects/S4_APP2/pb_logique_seq.runs/synth_1/.Xil/Vivado-20796-DESKTOP-8BOTKE1/realtime/design_1_sig_fct_3_0_0_stub.vhdl:13]
INFO: [Synth 8-638] synthesizing module 'M5_param_1_imp_1W7ZI9M' [f:/Xilinx/Projects/S4_APP2/pb_logique_seq.gen/sources_1/bd/design_1/synth/design_1.vhd:178]
INFO: [Synth 8-3491] module 'design_1_calcul_param_1_0_1' declared at 'F:/Xilinx/Projects/S4_APP2/pb_logique_seq.runs/synth_1/.Xil/Vivado-20796-DESKTOP-8BOTKE1/realtime/design_1_calcul_param_1_0_1_stub.vhdl:5' bound to instance 'calcul_param_1_0' of component 'design_1_calcul_param_1_0_1' [f:/Xilinx/Projects/S4_APP2/pb_logique_seq.gen/sources_1/bd/design_1/synth/design_1.vhd:220]
INFO: [Synth 8-638] synthesizing module 'design_1_calcul_param_1_0_1' [F:/Xilinx/Projects/S4_APP2/pb_logique_seq.runs/synth_1/.Xil/Vivado-20796-DESKTOP-8BOTKE1/realtime/design_1_calcul_param_1_0_1_stub.vhdl:17]
INFO: [Synth 8-3491] module 'design_1_compteur_nbits_0_2' declared at 'F:/Xilinx/Projects/S4_APP2/pb_logique_seq.runs/synth_1/.Xil/Vivado-20796-DESKTOP-8BOTKE1/realtime/design_1_compteur_nbits_0_2_stub.vhdl:5' bound to instance 'compteur_nbits_0' of component 'design_1_compteur_nbits_0_2' [f:/Xilinx/Projects/S4_APP2/pb_logique_seq.gen/sources_1/bd/design_1/synth/design_1.vhd:229]
INFO: [Synth 8-638] synthesizing module 'design_1_compteur_nbits_0_2' [F:/Xilinx/Projects/S4_APP2/pb_logique_seq.runs/synth_1/.Xil/Vivado-20796-DESKTOP-8BOTKE1/realtime/design_1_compteur_nbits_0_2_stub.vhdl:15]
INFO: [Synth 8-3491] module 'design_1_reg_8b_0_0' declared at 'F:/Xilinx/Projects/S4_APP2/pb_logique_seq.runs/synth_1/.Xil/Vivado-20796-DESKTOP-8BOTKE1/realtime/design_1_reg_8b_0_0_stub.vhdl:5' bound to instance 'reg_8b_0' of component 'design_1_reg_8b_0_0' [f:/Xilinx/Projects/S4_APP2/pb_logique_seq.gen/sources_1/bd/design_1/synth/design_1.vhd:236]
INFO: [Synth 8-638] synthesizing module 'design_1_reg_8b_0_0' [F:/Xilinx/Projects/S4_APP2/pb_logique_seq.runs/synth_1/.Xil/Vivado-20796-DESKTOP-8BOTKE1/realtime/design_1_reg_8b_0_0_stub.vhdl:16]
INFO: [Synth 8-256] done synthesizing module 'M5_param_1_imp_1W7ZI9M' (12#1) [f:/Xilinx/Projects/S4_APP2/pb_logique_seq.gen/sources_1/bd/design_1/synth/design_1.vhd:178]
INFO: [Synth 8-3491] module 'design_1_calcul_param_2_0_0' declared at 'F:/Xilinx/Projects/S4_APP2/pb_logique_seq.runs/synth_1/.Xil/Vivado-20796-DESKTOP-8BOTKE1/realtime/design_1_calcul_param_2_0_0_stub.vhdl:5' bound to instance 'M6_parametre_2' of component 'design_1_calcul_param_2_0_0' [f:/Xilinx/Projects/S4_APP2/pb_logique_seq.gen/sources_1/bd/design_1/synth/design_1.vhd:596]
INFO: [Synth 8-638] synthesizing module 'design_1_calcul_param_2_0_0' [F:/Xilinx/Projects/S4_APP2/pb_logique_seq.runs/synth_1/.Xil/Vivado-20796-DESKTOP-8BOTKE1/realtime/design_1_calcul_param_2_0_0_stub.vhdl:16]
INFO: [Synth 8-3491] module 'design_1_calcul_param_3_0_0' declared at 'F:/Xilinx/Projects/S4_APP2/pb_logique_seq.runs/synth_1/.Xil/Vivado-20796-DESKTOP-8BOTKE1/realtime/design_1_calcul_param_3_0_0_stub.vhdl:5' bound to instance 'M7_parametre_3' of component 'design_1_calcul_param_3_0_0' [f:/Xilinx/Projects/S4_APP2/pb_logique_seq.gen/sources_1/bd/design_1/synth/design_1.vhd:604]
INFO: [Synth 8-638] synthesizing module 'design_1_calcul_param_3_0_0' [F:/Xilinx/Projects/S4_APP2/pb_logique_seq.runs/synth_1/.Xil/Vivado-20796-DESKTOP-8BOTKE1/realtime/design_1_calcul_param_3_0_0_stub.vhdl:16]
INFO: [Synth 8-3491] module 'design_1_module_commande_0_0' declared at 'F:/Xilinx/Projects/S4_APP2/pb_logique_seq.runs/synth_1/.Xil/Vivado-20796-DESKTOP-8BOTKE1/realtime/design_1_module_commande_0_0_stub.vhdl:5' bound to instance 'M8_commande' of component 'design_1_module_commande_0_0' [f:/Xilinx/Projects/S4_APP2/pb_logique_seq.gen/sources_1/bd/design_1/synth/design_1.vhd:612]
INFO: [Synth 8-638] synthesizing module 'design_1_module_commande_0_0' [F:/Xilinx/Projects/S4_APP2/pb_logique_seq.runs/synth_1/.Xil/Vivado-20796-DESKTOP-8BOTKE1/realtime/design_1_module_commande_0_0_stub.vhdl:18]
INFO: [Synth 8-638] synthesizing module 'M9_codeur_i2s_imp_1VJCTGL' [f:/Xilinx/Projects/S4_APP2/pb_logique_seq.gen/sources_1/bd/design_1/synth/design_1.vhd:260]
INFO: [Synth 8-3491] module 'design_1_compteur_nbits_0_1' declared at 'F:/Xilinx/Projects/S4_APP2/pb_logique_seq.runs/synth_1/.Xil/Vivado-20796-DESKTOP-8BOTKE1/realtime/design_1_compteur_nbits_0_1_stub.vhdl:5' bound to instance 'compteur_nbits_0' of component 'design_1_compteur_nbits_0_1' [f:/Xilinx/Projects/S4_APP2/pb_logique_seq.gen/sources_1/bd/design_1/synth/design_1.vhd:348]
INFO: [Synth 8-638] synthesizing module 'design_1_compteur_nbits_0_1' [F:/Xilinx/Projects/S4_APP2/pb_logique_seq.runs/synth_1/.Xil/Vivado-20796-DESKTOP-8BOTKE1/realtime/design_1_compteur_nbits_0_1_stub.vhdl:15]
INFO: [Synth 8-3491] module 'design_1_mef_cod_i2s_vsb_0_0' declared at 'F:/Xilinx/Projects/S4_APP2/pb_logique_seq.runs/synth_1/.Xil/Vivado-20796-DESKTOP-8BOTKE1/realtime/design_1_mef_cod_i2s_vsb_0_0_stub.vhdl:5' bound to instance 'mef_cod_i2s_vsb_0' of component 'design_1_mef_cod_i2s_vsb_0_0' [f:/Xilinx/Projects/S4_APP2/pb_logique_seq.gen/sources_1/bd/design_1/synth/design_1.vhd:355]
INFO: [Synth 8-638] synthesizing module 'design_1_mef_cod_i2s_vsb_0_0' [F:/Xilinx/Projects/S4_APP2/pb_logique_seq.runs/synth_1/.Xil/Vivado-20796-DESKTOP-8BOTKE1/realtime/design_1_mef_cod_i2s_vsb_0_0_stub.vhdl:19]
INFO: [Synth 8-3491] module 'design_1_mux2_0_0' declared at 'F:/Xilinx/Projects/S4_APP2/pb_logique_seq.runs/synth_1/.Xil/Vivado-20796-DESKTOP-8BOTKE1/realtime/design_1_mux2_0_0_stub.vhdl:5' bound to instance 'mux2_0' of component 'design_1_mux2_0_0' [f:/Xilinx/Projects/S4_APP2/pb_logique_seq.gen/sources_1/bd/design_1/synth/design_1.vhd:366]
INFO: [Synth 8-638] synthesizing module 'design_1_mux2_0_0' [F:/Xilinx/Projects/S4_APP2/pb_logique_seq.runs/synth_1/.Xil/Vivado-20796-DESKTOP-8BOTKE1/realtime/design_1_mux2_0_0_stub.vhdl:15]
INFO: [Synth 8-3491] module 'design_1_reg_dec_24b_fd_0_0' declared at 'F:/Xilinx/Projects/S4_APP2/pb_logique_seq.runs/synth_1/.Xil/Vivado-20796-DESKTOP-8BOTKE1/realtime/design_1_reg_dec_24b_fd_0_0_stub.vhdl:5' bound to instance 'reg_dec_24b_fd_0' of component 'design_1_reg_dec_24b_fd_0_0' [f:/Xilinx/Projects/S4_APP2/pb_logique_seq.gen/sources_1/bd/design_1/synth/design_1.vhd:373]
INFO: [Synth 8-638] synthesizing module 'design_1_reg_dec_24b_fd_0_0' [F:/Xilinx/Projects/S4_APP2/pb_logique_seq.runs/synth_1/.Xil/Vivado-20796-DESKTOP-8BOTKE1/realtime/design_1_reg_dec_24b_fd_0_0_stub.vhdl:18]
INFO: [Synth 8-3491] module 'design_1_util_vector_logic_0_0' declared at 'F:/Xilinx/Projects/S4_APP2/pb_logique_seq.runs/synth_1/.Xil/Vivado-20796-DESKTOP-8BOTKE1/realtime/design_1_util_vector_logic_0_0_stub.vhdl:5' bound to instance 'util_vector_logic_0' of component 'design_1_util_vector_logic_0_0' [f:/Xilinx/Projects/S4_APP2/pb_logique_seq.gen/sources_1/bd/design_1/synth/design_1.vhd:383]
INFO: [Synth 8-638] synthesizing module 'design_1_util_vector_logic_0_0' [F:/Xilinx/Projects/S4_APP2/pb_logique_seq.runs/synth_1/.Xil/Vivado-20796-DESKTOP-8BOTKE1/realtime/design_1_util_vector_logic_0_0_stub.vhdl:14]
INFO: [Synth 8-3491] module 'design_1_xlconcat_0_0' declared at 'f:/Xilinx/Projects/S4_APP2/pb_logique_seq.gen/sources_1/bd/design_1/ip/design_1_xlconcat_0_0/synth/design_1_xlconcat_0_0.v:60' bound to instance 'xlconcat_0' of component 'design_1_xlconcat_0_0' [f:/Xilinx/Projects/S4_APP2/pb_logique_seq.gen/sources_1/bd/design_1/synth/design_1.vhd:389]
INFO: [Synth 8-6157] synthesizing module 'design_1_xlconcat_0_0' [f:/Xilinx/Projects/S4_APP2/pb_logique_seq.gen/sources_1/bd/design_1/ip/design_1_xlconcat_0_0/synth/design_1_xlconcat_0_0.v:60]
INFO: [Synth 8-6157] synthesizing module 'xlconcat_v2_1_4_xlconcat' [f:/Xilinx/Projects/S4_APP2/pb_logique_seq.gen/sources_1/bd/design_1/ipshared/4b67/hdl/xlconcat_v2_1_vl_rfs.v:14]
	Parameter IN0_WIDTH bound to: 1 - type: integer 
	Parameter IN1_WIDTH bound to: 1 - type: integer 
	Parameter IN2_WIDTH bound to: 1 - type: integer 
	Parameter IN3_WIDTH bound to: 1 - type: integer 
	Parameter IN4_WIDTH bound to: 1 - type: integer 
	Parameter IN5_WIDTH bound to: 1 - type: integer 
	Parameter IN6_WIDTH bound to: 1 - type: integer 
	Parameter IN7_WIDTH bound to: 1 - type: integer 
	Parameter IN8_WIDTH bound to: 1 - type: integer 
	Parameter IN9_WIDTH bound to: 1 - type: integer 
	Parameter IN10_WIDTH bound to: 1 - type: integer 
	Parameter IN11_WIDTH bound to: 1 - type: integer 
	Parameter IN12_WIDTH bound to: 1 - type: integer 
	Parameter IN13_WIDTH bound to: 1 - type: integer 
	Parameter IN14_WIDTH bound to: 1 - type: integer 
	Parameter IN15_WIDTH bound to: 1 - type: integer 
	Parameter IN16_WIDTH bound to: 1 - type: integer 
	Parameter IN17_WIDTH bound to: 1 - type: integer 
	Parameter IN18_WIDTH bound to: 1 - type: integer 
	Parameter IN19_WIDTH bound to: 1 - type: integer 
	Parameter IN20_WIDTH bound to: 1 - type: integer 
	Parameter IN21_WIDTH bound to: 1 - type: integer 
	Parameter IN22_WIDTH bound to: 1 - type: integer 
	Parameter IN23_WIDTH bound to: 1 - type: integer 
	Parameter IN24_WIDTH bound to: 1 - type: integer 
	Parameter IN25_WIDTH bound to: 1 - type: integer 
	Parameter IN26_WIDTH bound to: 1 - type: integer 
	Parameter IN27_WIDTH bound to: 1 - type: integer 
	Parameter IN28_WIDTH bound to: 1 - type: integer 
	Parameter IN29_WIDTH bound to: 1 - type: integer 
	Parameter IN30_WIDTH bound to: 1 - type: integer 
	Parameter IN31_WIDTH bound to: 1 - type: integer 
	Parameter IN32_WIDTH bound to: 1 - type: integer 
	Parameter IN33_WIDTH bound to: 1 - type: integer 
	Parameter IN34_WIDTH bound to: 1 - type: integer 
	Parameter IN35_WIDTH bound to: 1 - type: integer 
	Parameter IN36_WIDTH bound to: 1 - type: integer 
	Parameter IN37_WIDTH bound to: 1 - type: integer 
	Parameter IN38_WIDTH bound to: 1 - type: integer 
	Parameter IN39_WIDTH bound to: 1 - type: integer 
	Parameter IN40_WIDTH bound to: 1 - type: integer 
	Parameter IN41_WIDTH bound to: 1 - type: integer 
	Parameter IN42_WIDTH bound to: 1 - type: integer 
	Parameter IN43_WIDTH bound to: 1 - type: integer 
	Parameter IN44_WIDTH bound to: 1 - type: integer 
	Parameter IN45_WIDTH bound to: 1 - type: integer 
	Parameter IN46_WIDTH bound to: 1 - type: integer 
	Parameter IN47_WIDTH bound to: 1 - type: integer 
	Parameter IN48_WIDTH bound to: 1 - type: integer 
	Parameter IN49_WIDTH bound to: 1 - type: integer 
	Parameter IN50_WIDTH bound to: 1 - type: integer 
	Parameter IN51_WIDTH bound to: 1 - type: integer 
	Parameter IN52_WIDTH bound to: 1 - type: integer 
	Parameter IN53_WIDTH bound to: 1 - type: integer 
	Parameter IN54_WIDTH bound to: 1 - type: integer 
	Parameter IN55_WIDTH bound to: 1 - type: integer 
	Parameter IN56_WIDTH bound to: 1 - type: integer 
	Parameter IN57_WIDTH bound to: 1 - type: integer 
	Parameter IN58_WIDTH bound to: 1 - type: integer 
	Parameter IN59_WIDTH bound to: 1 - type: integer 
	Parameter IN60_WIDTH bound to: 1 - type: integer 
	Parameter IN61_WIDTH bound to: 1 - type: integer 
	Parameter IN62_WIDTH bound to: 1 - type: integer 
	Parameter IN63_WIDTH bound to: 1 - type: integer 
	Parameter IN64_WIDTH bound to: 1 - type: integer 
	Parameter IN65_WIDTH bound to: 1 - type: integer 
	Parameter IN66_WIDTH bound to: 1 - type: integer 
	Parameter IN67_WIDTH bound to: 1 - type: integer 
	Parameter IN68_WIDTH bound to: 1 - type: integer 
	Parameter IN69_WIDTH bound to: 1 - type: integer 
	Parameter IN70_WIDTH bound to: 1 - type: integer 
	Parameter IN71_WIDTH bound to: 1 - type: integer 
	Parameter IN72_WIDTH bound to: 1 - type: integer 
	Parameter IN73_WIDTH bound to: 1 - type: integer 
	Parameter IN74_WIDTH bound to: 1 - type: integer 
	Parameter IN75_WIDTH bound to: 1 - type: integer 
	Parameter IN76_WIDTH bound to: 1 - type: integer 
	Parameter IN77_WIDTH bound to: 1 - type: integer 
	Parameter IN78_WIDTH bound to: 1 - type: integer 
	Parameter IN79_WIDTH bound to: 1 - type: integer 
	Parameter IN80_WIDTH bound to: 1 - type: integer 
	Parameter IN81_WIDTH bound to: 1 - type: integer 
	Parameter IN82_WIDTH bound to: 1 - type: integer 
	Parameter IN83_WIDTH bound to: 1 - type: integer 
	Parameter IN84_WIDTH bound to: 1 - type: integer 
	Parameter IN85_WIDTH bound to: 1 - type: integer 
	Parameter IN86_WIDTH bound to: 1 - type: integer 
	Parameter IN87_WIDTH bound to: 1 - type: integer 
	Parameter IN88_WIDTH bound to: 1 - type: integer 
	Parameter IN89_WIDTH bound to: 1 - type: integer 
	Parameter IN90_WIDTH bound to: 1 - type: integer 
	Parameter IN91_WIDTH bound to: 1 - type: integer 
	Parameter IN92_WIDTH bound to: 1 - type: integer 
	Parameter IN93_WIDTH bound to: 1 - type: integer 
	Parameter IN94_WIDTH bound to: 1 - type: integer 
	Parameter IN95_WIDTH bound to: 1 - type: integer 
	Parameter IN96_WIDTH bound to: 1 - type: integer 
	Parameter IN97_WIDTH bound to: 1 - type: integer 
	Parameter IN98_WIDTH bound to: 1 - type: integer 
	Parameter IN99_WIDTH bound to: 1 - type: integer 
	Parameter IN100_WIDTH bound to: 1 - type: integer 
	Parameter IN101_WIDTH bound to: 1 - type: integer 
	Parameter IN102_WIDTH bound to: 1 - type: integer 
	Parameter IN103_WIDTH bound to: 1 - type: integer 
	Parameter IN104_WIDTH bound to: 1 - type: integer 
	Parameter IN105_WIDTH bound to: 1 - type: integer 
	Parameter IN106_WIDTH bound to: 1 - type: integer 
	Parameter IN107_WIDTH bound to: 1 - type: integer 
	Parameter IN108_WIDTH bound to: 1 - type: integer 
	Parameter IN109_WIDTH bound to: 1 - type: integer 
	Parameter IN110_WIDTH bound to: 1 - type: integer 
	Parameter IN111_WIDTH bound to: 1 - type: integer 
	Parameter IN112_WIDTH bound to: 1 - type: integer 
	Parameter IN113_WIDTH bound to: 1 - type: integer 
	Parameter IN114_WIDTH bound to: 1 - type: integer 
	Parameter IN115_WIDTH bound to: 1 - type: integer 
	Parameter IN116_WIDTH bound to: 1 - type: integer 
	Parameter IN117_WIDTH bound to: 1 - type: integer 
	Parameter IN118_WIDTH bound to: 1 - type: integer 
	Parameter IN119_WIDTH bound to: 1 - type: integer 
	Parameter IN120_WIDTH bound to: 1 - type: integer 
	Parameter IN121_WIDTH bound to: 1 - type: integer 
	Parameter IN122_WIDTH bound to: 1 - type: integer 
	Parameter IN123_WIDTH bound to: 1 - type: integer 
	Parameter IN124_WIDTH bound to: 1 - type: integer 
	Parameter IN125_WIDTH bound to: 1 - type: integer 
	Parameter IN126_WIDTH bound to: 1 - type: integer 
	Parameter IN127_WIDTH bound to: 1 - type: integer 
	Parameter dout_width bound to: 2 - type: integer 
	Parameter NUM_PORTS bound to: 2 - type: integer 
INFO: [Synth 8-6155] done synthesizing module 'xlconcat_v2_1_4_xlconcat' (13#1) [f:/Xilinx/Projects/S4_APP2/pb_logique_seq.gen/sources_1/bd/design_1/ipshared/4b67/hdl/xlconcat_v2_1_vl_rfs.v:14]
INFO: [Synth 8-6155] done synthesizing module 'design_1_xlconcat_0_0' (14#1) [f:/Xilinx/Projects/S4_APP2/pb_logique_seq.gen/sources_1/bd/design_1/ip/design_1_xlconcat_0_0/synth/design_1_xlconcat_0_0.v:60]
INFO: [Synth 8-3491] module 'design_1_xlconstant_0_1' declared at 'f:/Xilinx/Projects/S4_APP2/pb_logique_seq.gen/sources_1/bd/design_1/ip/design_1_xlconstant_0_1/synth/design_1_xlconstant_0_1.v:57' bound to instance 'xlconstant_0' of component 'design_1_xlconstant_0_1' [f:/Xilinx/Projects/S4_APP2/pb_logique_seq.gen/sources_1/bd/design_1/synth/design_1.vhd:395]
INFO: [Synth 8-6157] synthesizing module 'design_1_xlconstant_0_1' [f:/Xilinx/Projects/S4_APP2/pb_logique_seq.gen/sources_1/bd/design_1/ip/design_1_xlconstant_0_1/synth/design_1_xlconstant_0_1.v:57]
INFO: [Synth 8-6157] synthesizing module 'xlconstant_v1_1_7_xlconstant__parameterized1' [f:/Xilinx/Projects/S4_APP2/pb_logique_seq.gen/sources_1/bd/design_1/ipshared/fcfc/hdl/xlconstant_v1_1_vl_rfs.v:23]
	Parameter CONST_VAL bound to: 1'b1 
	Parameter CONST_WIDTH bound to: 1 - type: integer 
INFO: [Synth 8-6155] done synthesizing module 'xlconstant_v1_1_7_xlconstant__parameterized1' (14#1) [f:/Xilinx/Projects/S4_APP2/pb_logique_seq.gen/sources_1/bd/design_1/ipshared/fcfc/hdl/xlconstant_v1_1_vl_rfs.v:23]
INFO: [Synth 8-6155] done synthesizing module 'design_1_xlconstant_0_1' (15#1) [f:/Xilinx/Projects/S4_APP2/pb_logique_seq.gen/sources_1/bd/design_1/ip/design_1_xlconstant_0_1/synth/design_1_xlconstant_0_1.v:57]
INFO: [Synth 8-3491] module 'design_1_xlslice_0_0' declared at 'f:/Xilinx/Projects/S4_APP2/pb_logique_seq.gen/sources_1/bd/design_1/ip/design_1_xlslice_0_0/synth/design_1_xlslice_0_0.v:57' bound to instance 'xlslice_0' of component 'design_1_xlslice_0_0' [f:/Xilinx/Projects/S4_APP2/pb_logique_seq.gen/sources_1/bd/design_1/synth/design_1.vhd:399]
INFO: [Synth 8-6157] synthesizing module 'design_1_xlslice_0_0' [f:/Xilinx/Projects/S4_APP2/pb_logique_seq.gen/sources_1/bd/design_1/ip/design_1_xlslice_0_0/synth/design_1_xlslice_0_0.v:57]
INFO: [Synth 8-6157] synthesizing module 'xlslice_v1_0_2_xlslice' [f:/Xilinx/Projects/S4_APP2/pb_logique_seq.gen/sources_1/bd/design_1/ipshared/11d0/hdl/xlslice_v1_0_vl_rfs.v:13]
	Parameter DIN_WIDTH bound to: 24 - type: integer 
	Parameter DIN_FROM bound to: 23 - type: integer 
	Parameter DIN_TO bound to: 23 - type: integer 
INFO: [Synth 8-6155] done synthesizing module 'xlslice_v1_0_2_xlslice' (16#1) [f:/Xilinx/Projects/S4_APP2/pb_logique_seq.gen/sources_1/bd/design_1/ipshared/11d0/hdl/xlslice_v1_0_vl_rfs.v:13]
INFO: [Synth 8-6155] done synthesizing module 'design_1_xlslice_0_0' (17#1) [f:/Xilinx/Projects/S4_APP2/pb_logique_seq.gen/sources_1/bd/design_1/ip/design_1_xlslice_0_0/synth/design_1_xlslice_0_0.v:57]
INFO: [Synth 8-256] done synthesizing module 'M9_codeur_i2s_imp_1VJCTGL' (18#1) [f:/Xilinx/Projects/S4_APP2/pb_logique_seq.gen/sources_1/bd/design_1/synth/design_1.vhd:260]
INFO: [Synth 8-3491] module 'design_1_mux4_0_0' declared at 'F:/Xilinx/Projects/S4_APP2/pb_logique_seq.runs/synth_1/.Xil/Vivado-20796-DESKTOP-8BOTKE1/realtime/design_1_mux4_0_0_stub.vhdl:5' bound to instance 'Multiplexeur_choix_fonction' of component 'design_1_mux4_0_0' [f:/Xilinx/Projects/S4_APP2/pb_logique_seq.gen/sources_1/bd/design_1/synth/design_1.vhd:631]
INFO: [Synth 8-638] synthesizing module 'design_1_mux4_0_0' [F:/Xilinx/Projects/S4_APP2/pb_logique_seq.runs/synth_1/.Xil/Vivado-20796-DESKTOP-8BOTKE1/realtime/design_1_mux4_0_0_stub.vhdl:17]
INFO: [Synth 8-3491] module 'design_1_mux4_0_1' declared at 'F:/Xilinx/Projects/S4_APP2/pb_logique_seq.runs/synth_1/.Xil/Vivado-20796-DESKTOP-8BOTKE1/realtime/design_1_mux4_0_1_stub.vhdl:5' bound to instance 'Multiplexeur_choix_parametre' of component 'design_1_mux4_0_1' [f:/Xilinx/Projects/S4_APP2/pb_logique_seq.gen/sources_1/bd/design_1/synth/design_1.vhd:640]
INFO: [Synth 8-638] synthesizing module 'design_1_mux4_0_1' [F:/Xilinx/Projects/S4_APP2/pb_logique_seq.runs/synth_1/.Xil/Vivado-20796-DESKTOP-8BOTKE1/realtime/design_1_mux4_0_1_stub.vhdl:17]
INFO: [Synth 8-3491] module 'design_1_xlconstant_0_0' declared at 'f:/Xilinx/Projects/S4_APP2/pb_logique_seq.gen/sources_1/bd/design_1/ip/design_1_xlconstant_0_0/synth/design_1_xlconstant_0_0.v:57' bound to instance 'parametre_0' of component 'design_1_xlconstant_0_0' [f:/Xilinx/Projects/S4_APP2/pb_logique_seq.gen/sources_1/bd/design_1/synth/design_1.vhd:649]
INFO: [Synth 8-6157] synthesizing module 'design_1_xlconstant_0_0' [f:/Xilinx/Projects/S4_APP2/pb_logique_seq.gen/sources_1/bd/design_1/ip/design_1_xlconstant_0_0/synth/design_1_xlconstant_0_0.v:57]
INFO: [Synth 8-6157] synthesizing module 'xlconstant_v1_1_7_xlconstant__parameterized2' [f:/Xilinx/Projects/S4_APP2/pb_logique_seq.gen/sources_1/bd/design_1/ipshared/fcfc/hdl/xlconstant_v1_1_vl_rfs.v:23]
	Parameter CONST_VAL bound to: 8'b00000000 
	Parameter CONST_WIDTH bound to: 8 - type: integer 
INFO: [Synth 8-6155] done synthesizing module 'xlconstant_v1_1_7_xlconstant__parameterized2' (18#1) [f:/Xilinx/Projects/S4_APP2/pb_logique_seq.gen/sources_1/bd/design_1/ipshared/fcfc/hdl/xlconstant_v1_1_vl_rfs.v:23]
INFO: [Synth 8-6155] done synthesizing module 'design_1_xlconstant_0_0' (19#1) [f:/Xilinx/Projects/S4_APP2/pb_logique_seq.gen/sources_1/bd/design_1/ip/design_1_xlconstant_0_0/synth/design_1_xlconstant_0_0.v:57]
INFO: [Synth 8-256] done synthesizing module 'design_1' (20#1) [f:/Xilinx/Projects/S4_APP2/pb_logique_seq.gen/sources_1/bd/design_1/synth/design_1.vhd:435]
	Parameter c_val_seuil bound to: 8'b00001111 
INFO: [Synth 8-3491] module 'attenuateur_pwm' declared at 'F:/Xilinx/Projects/S4_APP2/pb_logique_seq.srcs/sources_1/imports/new/attenateur_pwm.vhd:35' bound to instance 'inst_att' of component 'attenuateur_pwm' [F:/Xilinx/Projects/S4_APP2/pb_logique_seq.srcs/sources_1/imports/new/circuit_tr_signal.vhd:239]
INFO: [Synth 8-638] synthesizing module 'attenuateur_pwm' [F:/Xilinx/Projects/S4_APP2/pb_logique_seq.srcs/sources_1/imports/new/attenateur_pwm.vhd:44]
	Parameter c_val_seuil bound to: 8'b00001111 
INFO: [Synth 8-256] done synthesizing module 'attenuateur_pwm' (21#1) [F:/Xilinx/Projects/S4_APP2/pb_logique_seq.srcs/sources_1/imports/new/attenateur_pwm.vhd:44]
	Parameter CAPACITANCE bound to: DONT_CARE - type: string 
	Parameter DRIVE bound to: 12 - type: integer 
	Parameter IOSTANDARD bound to: DEFAULT - type: string 
	Parameter SLEW bound to: SLOW - type: string 
INFO: [Synth 8-113] binding component instance 'OBUF_o_pblrc' to cell 'OBUF' [F:/Xilinx/Projects/S4_APP2/pb_logique_seq.srcs/sources_1/imports/new/circuit_tr_signal.vhd:256]
	Parameter CAPACITANCE bound to: DONT_CARE - type: string 
	Parameter DRIVE bound to: 12 - type: integer 
	Parameter IOSTANDARD bound to: DEFAULT - type: string 
	Parameter SLEW bound to: SLOW - type: string 
INFO: [Synth 8-113] binding component instance 'OBUF_o_reclrc' to cell 'OBUF' [F:/Xilinx/Projects/S4_APP2/pb_logique_seq.srcs/sources_1/imports/new/circuit_tr_signal.vhd:261]
	Parameter CAPACITANCE bound to: DONT_CARE - type: string 
	Parameter DRIVE bound to: 12 - type: integer 
	Parameter IOSTANDARD bound to: DEFAULT - type: string 
	Parameter SLEW bound to: SLOW - type: string 
INFO: [Synth 8-113] binding component instance 'OBUF_o_pbdat' to cell 'OBUF' [F:/Xilinx/Projects/S4_APP2/pb_logique_seq.srcs/sources_1/imports/new/circuit_tr_signal.vhd:267]
INFO: [Synth 8-256] done synthesizing module 'circuit_tr_signal' (22#1) [F:/Xilinx/Projects/S4_APP2/pb_logique_seq.srcs/sources_1/imports/new/circuit_tr_signal.vhd:84]
---------------------------------------------------------------------------------
Finished RTL Elaboration : Time (s): cpu = 00:00:03 ; elapsed = 00:00:03 . Memory (MB): peak = 1129.777 ; gain = 15.855
---------------------------------------------------------------------------------
---------------------------------------------------------------------------------
Start Handling Custom Attributes
---------------------------------------------------------------------------------
---------------------------------------------------------------------------------
Finished Handling Custom Attributes : Time (s): cpu = 00:00:03 ; elapsed = 00:00:03 . Memory (MB): peak = 1129.777 ; gain = 15.855
---------------------------------------------------------------------------------
---------------------------------------------------------------------------------
Finished RTL Optimization Phase 1 : Time (s): cpu = 00:00:03 ; elapsed = 00:00:03 . Memory (MB): peak = 1129.777 ; gain = 15.855
---------------------------------------------------------------------------------
Netlist sorting complete. Time (s): cpu = 00:00:00 ; elapsed = 00:00:00.006 . Memory (MB): peak = 1129.777 ; gain = 0.000
INFO: [Netlist 29-17] Analyzing 1 Unisim elements for replacement
INFO: [Netlist 29-28] Unisim Transformation completed in 0 CPU seconds
INFO: [Project 1-570] Preparing netlist for logic optimization

Processing XDC Constraints
Initializing timing engine
Parsing XDC File [f:/Xilinx/Projects/S4_APP2/pb_logique_seq.gen/sources_1/bd/design_1/ip/design_1_compteur_nbits_0_0/design_1_compteur_nbits_0_0/design_1_compteur_nbits_0_0_in_context.xdc] for cell 'design_1_i/M1_decodeur_i2s/compteur_7bits'
Finished Parsing XDC File [f:/Xilinx/Projects/S4_APP2/pb_logique_seq.gen/sources_1/bd/design_1/ip/design_1_compteur_nbits_0_0/design_1_compteur_nbits_0_0/design_1_compteur_nbits_0_0_in_context.xdc] for cell 'design_1_i/M1_decodeur_i2s/compteur_7bits'
Parsing XDC File [f:/Xilinx/Projects/S4_APP2/pb_logique_seq.gen/sources_1/bd/design_1/ip/design_1_reg_24b_0_0/design_1_reg_24b_0_0/design_1_reg_24b_0_0_in_context.xdc] for cell 'design_1_i/M1_decodeur_i2s/registre_24bits_droite'
Finished Parsing XDC File [f:/Xilinx/Projects/S4_APP2/pb_logique_seq.gen/sources_1/bd/design_1/ip/design_1_reg_24b_0_0/design_1_reg_24b_0_0/design_1_reg_24b_0_0_in_context.xdc] for cell 'design_1_i/M1_decodeur_i2s/registre_24bits_droite'
Parsing XDC File [f:/Xilinx/Projects/S4_APP2/pb_logique_seq.gen/sources_1/bd/design_1/ip/design_1_reg_24b_0_1/design_1_reg_24b_0_1/design_1_reg_24b_0_1_in_context.xdc] for cell 'design_1_i/M1_decodeur_i2s/registre_24bits_gauche'
Finished Parsing XDC File [f:/Xilinx/Projects/S4_APP2/pb_logique_seq.gen/sources_1/bd/design_1/ip/design_1_reg_24b_0_1/design_1_reg_24b_0_1/design_1_reg_24b_0_1_in_context.xdc] for cell 'design_1_i/M1_decodeur_i2s/registre_24bits_gauche'
Parsing XDC File [f:/Xilinx/Projects/S4_APP2/pb_logique_seq.gen/sources_1/bd/design_1/ip/design_1_reg_dec_24b_0_0/design_1_reg_dec_24b_0_0/design_1_reg_dec_24b_0_0_in_context.xdc] for cell 'design_1_i/M1_decodeur_i2s/registre_decalage_24bits'
Finished Parsing XDC File [f:/Xilinx/Projects/S4_APP2/pb_logique_seq.gen/sources_1/bd/design_1/ip/design_1_reg_dec_24b_0_0/design_1_reg_dec_24b_0_0/design_1_reg_dec_24b_0_0_in_context.xdc] for cell 'design_1_i/M1_decodeur_i2s/registre_decalage_24bits'
Parsing XDC File [f:/Xilinx/Projects/S4_APP2/pb_logique_seq.gen/sources_1/bd/design_1/ip/design_1_mef_decod_i2s_v1b_0_0/design_1_mef_decod_i2s_v1b_0_0/design_1_mef_decod_i2s_v1b_0_0_in_context.xdc] for cell 'design_1_i/M1_decodeur_i2s/MEF_decodeur_i2s'
Finished Parsing XDC File [f:/Xilinx/Projects/S4_APP2/pb_logique_seq.gen/sources_1/bd/design_1/ip/design_1_mef_decod_i2s_v1b_0_0/design_1_mef_decod_i2s_v1b_0_0/design_1_mef_decod_i2s_v1b_0_0_in_context.xdc] for cell 'design_1_i/M1_decodeur_i2s/MEF_decodeur_i2s'
Parsing XDC File [f:/Xilinx/Projects/S4_APP2/pb_logique_seq.gen/sources_1/bd/design_1/ip/design_1_compteur_nbits_0_1/design_1_compteur_nbits_0_1/design_1_compteur_nbits_0_1_in_context.xdc] for cell 'design_1_i/M9_codeur_i2s/compteur_nbits_0'
Finished Parsing XDC File [f:/Xilinx/Projects/S4_APP2/pb_logique_seq.gen/sources_1/bd/design_1/ip/design_1_compteur_nbits_0_1/design_1_compteur_nbits_0_1/design_1_compteur_nbits_0_1_in_context.xdc] for cell 'design_1_i/M9_codeur_i2s/compteur_nbits_0'
Parsing XDC File [f:/Xilinx/Projects/S4_APP2/pb_logique_seq.gen/sources_1/bd/design_1/ip/design_1_mux2_0_0/design_1_mux2_0_0/design_1_mux2_0_0_in_context.xdc] for cell 'design_1_i/M9_codeur_i2s/mux2_0'
Finished Parsing XDC File [f:/Xilinx/Projects/S4_APP2/pb_logique_seq.gen/sources_1/bd/design_1/ip/design_1_mux2_0_0/design_1_mux2_0_0/design_1_mux2_0_0_in_context.xdc] for cell 'design_1_i/M9_codeur_i2s/mux2_0'
Parsing XDC File [f:/Xilinx/Projects/S4_APP2/pb_logique_seq.gen/sources_1/bd/design_1/ip/design_1_reg_dec_24b_fd_0_0/design_1_reg_dec_24b_fd_0_0/design_1_reg_dec_24b_fd_0_0_in_context.xdc] for cell 'design_1_i/M9_codeur_i2s/reg_dec_24b_fd_0'
Finished Parsing XDC File [f:/Xilinx/Projects/S4_APP2/pb_logique_seq.gen/sources_1/bd/design_1/ip/design_1_reg_dec_24b_fd_0_0/design_1_reg_dec_24b_fd_0_0/design_1_reg_dec_24b_fd_0_0_in_context.xdc] for cell 'design_1_i/M9_codeur_i2s/reg_dec_24b_fd_0'
Parsing XDC File [f:/Xilinx/Projects/S4_APP2/pb_logique_seq.gen/sources_1/bd/design_1/ip/design_1_util_vector_logic_0_0/design_1_util_vector_logic_0_0/design_1_util_vector_logic_0_0_in_context.xdc] for cell 'design_1_i/M9_codeur_i2s/util_vector_logic_0'
Finished Parsing XDC File [f:/Xilinx/Projects/S4_APP2/pb_logique_seq.gen/sources_1/bd/design_1/ip/design_1_util_vector_logic_0_0/design_1_util_vector_logic_0_0/design_1_util_vector_logic_0_0_in_context.xdc] for cell 'design_1_i/M9_codeur_i2s/util_vector_logic_0'
Parsing XDC File [f:/Xilinx/Projects/S4_APP2/pb_logique_seq.gen/sources_1/bd/design_1/ip/design_1_mef_cod_i2s_vsb_0_0/design_1_mef_cod_i2s_vsb_0_0/design_1_mef_cod_i2s_vsb_0_0_in_context.xdc] for cell 'design_1_i/M9_codeur_i2s/mef_cod_i2s_vsb_0'
Finished Parsing XDC File [f:/Xilinx/Projects/S4_APP2/pb_logique_seq.gen/sources_1/bd/design_1/ip/design_1_mef_cod_i2s_vsb_0_0/design_1_mef_cod_i2s_vsb_0_0/design_1_mef_cod_i2s_vsb_0_0_in_context.xdc] for cell 'design_1_i/M9_codeur_i2s/mef_cod_i2s_vsb_0'
Parsing XDC File [f:/Xilinx/Projects/S4_APP2/pb_logique_seq.gen/sources_1/bd/design_1/ip/design_1_affhexPmodSSD_v3_0_0/design_1_affhexPmodSSD_v3_0_0/design_1_affhexPmodSSD_v3_0_0_in_context.xdc] for cell 'design_1_i/M10_conversion_affichage'
Finished Parsing XDC File [f:/Xilinx/Projects/S4_APP2/pb_logique_seq.gen/sources_1/bd/design_1/ip/design_1_affhexPmodSSD_v3_0_0/design_1_affhexPmodSSD_v3_0_0/design_1_affhexPmodSSD_v3_0_0_in_context.xdc] for cell 'design_1_i/M10_conversion_affichage'
Parsing XDC File [f:/Xilinx/Projects/S4_APP2/pb_logique_seq.gen/sources_1/bd/design_1/ip/design_1_calcul_param_3_0_0/design_1_calcul_param_3_0_0/design_1_calcul_param_3_0_0_in_context.xdc] for cell 'design_1_i/M7_parametre_3'
Finished Parsing XDC File [f:/Xilinx/Projects/S4_APP2/pb_logique_seq.gen/sources_1/bd/design_1/ip/design_1_calcul_param_3_0_0/design_1_calcul_param_3_0_0/design_1_calcul_param_3_0_0_in_context.xdc] for cell 'design_1_i/M7_parametre_3'
Parsing XDC File [f:/Xilinx/Projects/S4_APP2/pb_logique_seq.gen/sources_1/bd/design_1/ip/design_1_mux4_0_0/design_1_mux4_0_0/design_1_mux4_0_0_in_context.xdc] for cell 'design_1_i/Multiplexeur_choix_fonction'
Finished Parsing XDC File [f:/Xilinx/Projects/S4_APP2/pb_logique_seq.gen/sources_1/bd/design_1/ip/design_1_mux4_0_0/design_1_mux4_0_0/design_1_mux4_0_0_in_context.xdc] for cell 'design_1_i/Multiplexeur_choix_fonction'
Parsing XDC File [f:/Xilinx/Projects/S4_APP2/pb_logique_seq.gen/sources_1/bd/design_1/ip/design_1_mux4_0_1/design_1_mux4_0_1/design_1_mux4_0_1_in_context.xdc] for cell 'design_1_i/Multiplexeur_choix_parametre'
Finished Parsing XDC File [f:/Xilinx/Projects/S4_APP2/pb_logique_seq.gen/sources_1/bd/design_1/ip/design_1_mux4_0_1/design_1_mux4_0_1/design_1_mux4_0_1_in_context.xdc] for cell 'design_1_i/Multiplexeur_choix_parametre'
Parsing XDC File [f:/Xilinx/Projects/S4_APP2/pb_logique_seq.gen/sources_1/bd/design_1/ip/design_1_sig_fct_3_0_0/design_1_sig_fct_3_0_0/design_1_sig_fct_3_0_0_in_context.xdc] for cell 'design_1_i/M4_fonction3'
Finished Parsing XDC File [f:/Xilinx/Projects/S4_APP2/pb_logique_seq.gen/sources_1/bd/design_1/ip/design_1_sig_fct_3_0_0/design_1_sig_fct_3_0_0/design_1_sig_fct_3_0_0_in_context.xdc] for cell 'design_1_i/M4_fonction3'
Parsing XDC File [f:/Xilinx/Projects/S4_APP2/pb_logique_seq.gen/sources_1/bd/design_1/ip/design_1_sig_fct_sat_dure_0_0/design_1_sig_fct_sat_dure_0_0/design_1_sig_fct_sat_dure_0_0_in_context.xdc] for cell 'design_1_i/M2_fonction_distortion_dure1'
Finished Parsing XDC File [f:/Xilinx/Projects/S4_APP2/pb_logique_seq.gen/sources_1/bd/design_1/ip/design_1_sig_fct_sat_dure_0_0/design_1_sig_fct_sat_dure_0_0/design_1_sig_fct_sat_dure_0_0_in_context.xdc] for cell 'design_1_i/M2_fonction_distortion_dure1'
Parsing XDC File [f:/Xilinx/Projects/S4_APP2/pb_logique_seq.gen/sources_1/bd/design_1/ip/design_1_sig_fct_sat_dure_0_1/design_1_sig_fct_sat_dure_0_1/design_1_sig_fct_sat_dure_0_1_in_context.xdc] for cell 'design_1_i/M3_fonction_distorsion_dure2'
Finished Parsing XDC File [f:/Xilinx/Projects/S4_APP2/pb_logique_seq.gen/sources_1/bd/design_1/ip/design_1_sig_fct_sat_dure_0_1/design_1_sig_fct_sat_dure_0_1/design_1_sig_fct_sat_dure_0_1_in_context.xdc] for cell 'design_1_i/M3_fonction_distorsion_dure2'
Parsing XDC File [f:/Xilinx/Projects/S4_APP2/pb_logique_seq.gen/sources_1/bd/design_1/ip/design_1_module_commande_0_0/design_1_module_commande_0_0/design_1_module_commande_0_0_in_context.xdc] for cell 'design_1_i/M8_commande'
Finished Parsing XDC File [f:/Xilinx/Projects/S4_APP2/pb_logique_seq.gen/sources_1/bd/design_1/ip/design_1_module_commande_0_0/design_1_module_commande_0_0/design_1_module_commande_0_0_in_context.xdc] for cell 'design_1_i/M8_commande'
Parsing XDC File [f:/Xilinx/Projects/S4_APP2/pb_logique_seq.gen/sources_1/bd/design_1/ip/design_1_reg_8b_0_0/design_1_reg_8b_0_0/design_1_reg_8b_0_0_in_context.xdc] for cell 'design_1_i/M5_param_1/reg_8b_0'
Finished Parsing XDC File [f:/Xilinx/Projects/S4_APP2/pb_logique_seq.gen/sources_1/bd/design_1/ip/design_1_reg_8b_0_0/design_1_reg_8b_0_0/design_1_reg_8b_0_0_in_context.xdc] for cell 'design_1_i/M5_param_1/reg_8b_0'
Parsing XDC File [f:/Xilinx/Projects/S4_APP2/pb_logique_seq.gen/sources_1/bd/design_1/ip/design_1_compteur_nbits_0_2/design_1_compteur_nbits_0_2/design_1_compteur_nbits_0_2_in_context.xdc] for cell 'design_1_i/M5_param_1/compteur_nbits_0'
Finished Parsing XDC File [f:/Xilinx/Projects/S4_APP2/pb_logique_seq.gen/sources_1/bd/design_1/ip/design_1_compteur_nbits_0_2/design_1_compteur_nbits_0_2/design_1_compteur_nbits_0_2_in_context.xdc] for cell 'design_1_i/M5_param_1/compteur_nbits_0'
Parsing XDC File [f:/Xilinx/Projects/S4_APP2/pb_logique_seq.gen/sources_1/bd/design_1/ip/design_1_calcul_param_1_0_1/design_1_calcul_param_1_0_1/design_1_calcul_param_1_0_1_in_context.xdc] for cell 'design_1_i/M5_param_1/calcul_param_1_0'
Finished Parsing XDC File [f:/Xilinx/Projects/S4_APP2/pb_logique_seq.gen/sources_1/bd/design_1/ip/design_1_calcul_param_1_0_1/design_1_calcul_param_1_0_1/design_1_calcul_param_1_0_1_in_context.xdc] for cell 'design_1_i/M5_param_1/calcul_param_1_0'
Parsing XDC File [f:/Xilinx/Projects/S4_APP2/pb_logique_seq.gen/sources_1/bd/design_1/ip/design_1_calcul_param_2_0_0/design_1_calcul_param_2_0_0/design_1_calcul_param_2_0_0_in_context.xdc] for cell 'design_1_i/M6_parametre_2'
Finished Parsing XDC File [f:/Xilinx/Projects/S4_APP2/pb_logique_seq.gen/sources_1/bd/design_1/ip/design_1_calcul_param_2_0_0/design_1_calcul_param_2_0_0/design_1_calcul_param_2_0_0_in_context.xdc] for cell 'design_1_i/M6_parametre_2'
Parsing XDC File [F:/Xilinx/Projects/S4_APP2/pb_logique_seq.srcs/constrs_1/imports/new/circuit_tr_signal.xdc]
Finished Parsing XDC File [F:/Xilinx/Projects/S4_APP2/pb_logique_seq.srcs/constrs_1/imports/new/circuit_tr_signal.xdc]
INFO: [Project 1-236] Implementation specific constraints were found while reading constraint file [F:/Xilinx/Projects/S4_APP2/pb_logique_seq.srcs/constrs_1/imports/new/circuit_tr_signal.xdc]. These constraints will be ignored for synthesis but will be used in implementation. Impacted constraints are listed in the file [.Xil/circuit_tr_signal_propImpl.xdc].
Resolution: To avoid this warning, move constraints listed in [.Xil/circuit_tr_signal_propImpl.xdc] to another XDC file and exclude this new file from synthesis with the used_in_synthesis property (File Properties dialog in GUI) and re-run elaboration/synthesis.
Parsing XDC File [F:/Xilinx/Projects/S4_APP2/pb_logique_seq.runs/synth_1/dont_touch.xdc]
Finished Parsing XDC File [F:/Xilinx/Projects/S4_APP2/pb_logique_seq.runs/synth_1/dont_touch.xdc]
INFO: [Timing 38-2] Deriving generated clocks
Completed Processing XDC Constraints

Netlist sorting complete. Time (s): cpu = 00:00:00 ; elapsed = 00:00:00 . Memory (MB): peak = 1248.176 ; gain = 0.000
INFO: [Project 1-111] Unisim Transformation Summary:
  A total of 1 instances were transformed.
  PLLE2_BASE => PLLE2_ADV: 1 instance 

Constraint Validation Runtime : Time (s): cpu = 00:00:00 ; elapsed = 00:00:00.005 . Memory (MB): peak = 1248.176 ; gain = 0.000
---------------------------------------------------------------------------------
Finished Constraint Validation : Time (s): cpu = 00:00:07 ; elapsed = 00:00:07 . Memory (MB): peak = 1248.176 ; gain = 134.254
---------------------------------------------------------------------------------
---------------------------------------------------------------------------------
Start Loading Part and Timing Information
---------------------------------------------------------------------------------
Loading part: xc7z010clg400-1
---------------------------------------------------------------------------------
Finished Loading Part and Timing Information : Time (s): cpu = 00:00:07 ; elapsed = 00:00:07 . Memory (MB): peak = 1248.176 ; gain = 134.254
---------------------------------------------------------------------------------
---------------------------------------------------------------------------------
Start Applying 'set_property' XDC Constraints
---------------------------------------------------------------------------------
Applied set_property KEEP_HIERARCHY = SOFT for design_1_i. (constraint file  auto generated constraint).
Applied set_property KEEP_HIERARCHY = SOFT for design_1_i/M1_decodeur_i2s/compteur_7bits. (constraint file  auto generated constraint).
Applied set_property KEEP_HIERARCHY = SOFT for design_1_i/M1_decodeur_i2s/registre_24bits_droite. (constraint file  auto generated constraint).
Applied set_property KEEP_HIERARCHY = SOFT for design_1_i/M1_decodeur_i2s/registre_24bits_gauche. (constraint file  auto generated constraint).
Applied set_property KEEP_HIERARCHY = SOFT for design_1_i/M1_decodeur_i2s/registre_decalage_24bits. (constraint file  auto generated constraint).
Applied set_property KEEP_HIERARCHY = SOFT for design_1_i/M1_decodeur_i2s/xlconstant_0. (constraint file  auto generated constraint).
Applied set_property KEEP_HIERARCHY = SOFT for design_1_i/M1_decodeur_i2s/xlconstant_1. (constraint file  auto generated constraint).
Applied set_property KEEP_HIERARCHY = SOFT for design_1_i/M1_decodeur_i2s/MEF_decodeur_i2s. (constraint file  auto generated constraint).
Applied set_property KEEP_HIERARCHY = SOFT for design_1_i/M9_codeur_i2s/compteur_nbits_0. (constraint file  auto generated constraint).
Applied set_property KEEP_HIERARCHY = SOFT for design_1_i/M9_codeur_i2s/mux2_0. (constraint file  auto generated constraint).
Applied set_property KEEP_HIERARCHY = SOFT for design_1_i/M9_codeur_i2s/reg_dec_24b_fd_0. (constraint file  auto generated constraint).
Applied set_property KEEP_HIERARCHY = SOFT for design_1_i/M9_codeur_i2s/util_vector_logic_0. (constraint file  auto generated constraint).
Applied set_property KEEP_HIERARCHY = SOFT for design_1_i/M9_codeur_i2s/xlconcat_0. (constraint file  auto generated constraint).
Applied set_property KEEP_HIERARCHY = SOFT for design_1_i/M9_codeur_i2s/xlconstant_0. (constraint file  auto generated constraint).
Applied set_property KEEP_HIERARCHY = SOFT for design_1_i/M9_codeur_i2s/xlslice_0. (constraint file  auto generated constraint).
Applied set_property KEEP_HIERARCHY = SOFT for design_1_i/M9_codeur_i2s/mef_cod_i2s_vsb_0. (constraint file  auto generated constraint).
Applied set_property KEEP_HIERARCHY = SOFT for design_1_i/M10_conversion_affichage. (constraint file  auto generated constraint).
Applied set_property KEEP_HIERARCHY = SOFT for design_1_i/M7_parametre_3. (constraint file  auto generated constraint).
Applied set_property KEEP_HIERARCHY = SOFT for design_1_i/Multiplexeur_choix_fonction. (constraint file  auto generated constraint).
Applied set_property KEEP_HIERARCHY = SOFT for design_1_i/Multiplexeur_choix_parametre. (constraint file  auto generated constraint).
Applied set_property KEEP_HIERARCHY = SOFT for design_1_i/M4_fonction3. (constraint file  auto generated constraint).
Applied set_property KEEP_HIERARCHY = SOFT for design_1_i/M2_fonction_distortion_dure1. (constraint file  auto generated constraint).
Applied set_property KEEP_HIERARCHY = SOFT for design_1_i/M3_fonction_distorsion_dure2. (constraint file  auto generated constraint).
Applied set_property KEEP_HIERARCHY = SOFT for design_1_i/parametre_0. (constraint file  auto generated constraint).
Applied set_property KEEP_HIERARCHY = SOFT for design_1_i/M8_commande. (constraint file  auto generated constraint).
Applied set_property KEEP_HIERARCHY = SOFT for design_1_i/M5_param_1/reg_8b_0. (constraint file  auto generated constraint).
Applied set_property KEEP_HIERARCHY = SOFT for design_1_i/M5_param_1/compteur_nbits_0. (constraint file  auto generated constraint).
Applied set_property KEEP_HIERARCHY = SOFT for design_1_i/M5_param_1/calcul_param_1_0. (constraint file  auto generated constraint).
Applied set_property KEEP_HIERARCHY = SOFT for design_1_i/M6_parametre_2. (constraint file  auto generated constraint).
---------------------------------------------------------------------------------
Finished applying 'set_property' XDC Constraints : Time (s): cpu = 00:00:07 ; elapsed = 00:00:07 . Memory (MB): peak = 1248.176 ; gain = 134.254
---------------------------------------------------------------------------------
INFO: [Synth 8-802] inferred FSM for state register 'state_reg' in module 'i2c_master'
INFO: [Synth 8-802] inferred FSM for state register 'fsm_i2c_etat_courant_reg' in module 'ctrl_i2c_V4_ssm2603'
---------------------------------------------------------------------------------------------------
                   State |                     New Encoding |                Previous Encoding 
---------------------------------------------------------------------------------------------------
                   ready |                        000000001 |                             0000
                   start |                        000000010 |                             0001
                 command |                        000000100 |                             0010
                slv_ack1 |                        000001000 |                             0011
                      wr |                        000010000 |                             0100
                slv_ack2 |                        000100000 |                             0110
                      rd |                        001000000 |                             0101
                mstr_ack |                        010000000 |                             0111
                    stop |                        100000000 |                             1000
---------------------------------------------------------------------------------------------------
INFO: [Synth 8-3354] encoded FSM with state register 'state_reg' using encoding 'one-hot' in module 'i2c_master'
---------------------------------------------------------------------------------------------------
                   State |                     New Encoding |                Previous Encoding 
---------------------------------------------------------------------------------------------------
                sta_idle |                         00000001 |                             0000
          sta_read_seq_0 |                         00000010 |                             0100
          sta_read_seq_1 |                         00000100 |                             0101
          sta_read_seq_2 |                         00001000 |                             0110
        sta_read_seq_fin |                         00010000 |                             1001
         sta_write_seq_0 |                         00100000 |                             0001
         sta_write_seq_1 |                         01000000 |                             0010
       sta_write_seq_fin |                         10000000 |                             0011
---------------------------------------------------------------------------------------------------
INFO: [Synth 8-3354] encoded FSM with state register 'fsm_i2c_etat_courant_reg' using encoding 'one-hot' in module 'ctrl_i2c_V4_ssm2603'
---------------------------------------------------------------------------------
Finished RTL Optimization Phase 2 : Time (s): cpu = 00:00:07 ; elapsed = 00:00:07 . Memory (MB): peak = 1248.176 ; gain = 134.254
---------------------------------------------------------------------------------
---------------------------------------------------------------------------------
Start RTL Component Statistics 
---------------------------------------------------------------------------------
Detailed RTL Component Info : 
+---Adders : 
	   2 Input    9 Bit       Adders := 1     
	   2 Input    8 Bit       Adders := 4     
	   2 Input    7 Bit       Adders := 1     
	   2 Input    4 Bit       Adders := 1     
	   2 Input    3 Bit       Adders := 1     
	   2 Input    2 Bit       Adders := 1     
+---Registers : 
	                9 Bit    Registers := 2     
	                8 Bit    Registers := 8     
	                7 Bit    Registers := 1     
	                3 Bit    Registers := 1     
	                2 Bit    Registers := 1     
	                1 Bit    Registers := 24    
+---Muxes : 
	  33 Input   16 Bit        Muxes := 1     
	   2 Input    9 Bit        Muxes := 11    
	   9 Input    9 Bit        Muxes := 1     
	   6 Input    8 Bit        Muxes := 1     
	   2 Input    8 Bit        Muxes := 12    
	   8 Input    8 Bit        Muxes := 2     
	   2 Input    3 Bit        Muxes := 1     
	   2 Input    1 Bit        Muxes := 7     
	   3 Input    1 Bit        Muxes := 1     
	   9 Input    1 Bit        Muxes := 7     
	   6 Input    1 Bit        Muxes := 3     
	   4 Input    1 Bit        Muxes := 1     
	   8 Input    1 Bit        Muxes := 3     
---------------------------------------------------------------------------------
Finished RTL Component Statistics 
---------------------------------------------------------------------------------
---------------------------------------------------------------------------------
Start Part Resource Summary
---------------------------------------------------------------------------------
Part Resources:
DSPs: 80 (col length:40)
BRAMs: 120 (col length: RAMB18 40 RAMB36 20)
---------------------------------------------------------------------------------
Finished Part Resource Summary
---------------------------------------------------------------------------------
---------------------------------------------------------------------------------
Start Cross Boundary and Area Optimization
---------------------------------------------------------------------------------
---------------------------------------------------------------------------------
Finished Cross Boundary and Area Optimization : Time (s): cpu = 00:00:08 ; elapsed = 00:00:08 . Memory (MB): peak = 1248.176 ; gain = 134.254
---------------------------------------------------------------------------------
---------------------------------------------------------------------------------
Start Applying XDC Timing Constraints
---------------------------------------------------------------------------------
---------------------------------------------------------------------------------
Finished Applying XDC Timing Constraints : Time (s): cpu = 00:00:11 ; elapsed = 00:00:12 . Memory (MB): peak = 1248.176 ; gain = 134.254
---------------------------------------------------------------------------------
---------------------------------------------------------------------------------
Start Timing Optimization
---------------------------------------------------------------------------------
---------------------------------------------------------------------------------
Finished Timing Optimization : Time (s): cpu = 00:00:12 ; elapsed = 00:00:12 . Memory (MB): peak = 1248.176 ; gain = 134.254
---------------------------------------------------------------------------------
---------------------------------------------------------------------------------
Start Technology Mapping
---------------------------------------------------------------------------------
---------------------------------------------------------------------------------
Finished Technology Mapping : Time (s): cpu = 00:00:12 ; elapsed = 00:00:12 . Memory (MB): peak = 1248.176 ; gain = 134.254
---------------------------------------------------------------------------------
---------------------------------------------------------------------------------
Start IO Insertion
---------------------------------------------------------------------------------
---------------------------------------------------------------------------------
Start Flattening Before IO Insertion
---------------------------------------------------------------------------------
---------------------------------------------------------------------------------
Finished Flattening Before IO Insertion
---------------------------------------------------------------------------------
---------------------------------------------------------------------------------
Start Final Netlist Cleanup
---------------------------------------------------------------------------------
---------------------------------------------------------------------------------
Finished Final Netlist Cleanup
---------------------------------------------------------------------------------
---------------------------------------------------------------------------------
Finished IO Insertion : Time (s): cpu = 00:00:13 ; elapsed = 00:00:13 . Memory (MB): peak = 1248.176 ; gain = 134.254
---------------------------------------------------------------------------------
---------------------------------------------------------------------------------
Start Renaming Generated Instances
---------------------------------------------------------------------------------
---------------------------------------------------------------------------------
Finished Renaming Generated Instances : Time (s): cpu = 00:00:13 ; elapsed = 00:00:13 . Memory (MB): peak = 1248.176 ; gain = 134.254
---------------------------------------------------------------------------------
---------------------------------------------------------------------------------
Start Rebuilding User Hierarchy
---------------------------------------------------------------------------------
---------------------------------------------------------------------------------
Finished Rebuilding User Hierarchy : Time (s): cpu = 00:00:13 ; elapsed = 00:00:13 . Memory (MB): peak = 1248.176 ; gain = 134.254
---------------------------------------------------------------------------------
---------------------------------------------------------------------------------
Start Renaming Generated Ports
---------------------------------------------------------------------------------
---------------------------------------------------------------------------------
Finished Renaming Generated Ports : Time (s): cpu = 00:00:13 ; elapsed = 00:00:13 . Memory (MB): peak = 1248.176 ; gain = 134.254
---------------------------------------------------------------------------------
---------------------------------------------------------------------------------
Start Handling Custom Attributes
---------------------------------------------------------------------------------
---------------------------------------------------------------------------------
Finished Handling Custom Attributes : Time (s): cpu = 00:00:13 ; elapsed = 00:00:13 . Memory (MB): peak = 1248.176 ; gain = 134.254
---------------------------------------------------------------------------------
---------------------------------------------------------------------------------
Start Renaming Generated Nets
---------------------------------------------------------------------------------
---------------------------------------------------------------------------------
Finished Renaming Generated Nets : Time (s): cpu = 00:00:13 ; elapsed = 00:00:13 . Memory (MB): peak = 1248.176 ; gain = 134.254
---------------------------------------------------------------------------------
---------------------------------------------------------------------------------
Start Writing Synthesis Report
---------------------------------------------------------------------------------

Report BlackBoxes: 
+------+-------------------------------+----------+
|      |BlackBox name                  |Instances |
+------+-------------------------------+----------+
|1     |design_1_affhexPmodSSD_v3_0_0  |         1|
|2     |design_1_sig_fct_sat_dure_0_0  |         1|
|3     |design_1_sig_fct_sat_dure_0_1  |         1|
|4     |design_1_sig_fct_3_0_0         |         1|
|5     |design_1_calcul_param_2_0_0    |         1|
|6     |design_1_calcul_param_3_0_0    |         1|
|7     |design_1_module_commande_0_0   |         1|
|8     |design_1_mux4_0_0              |         1|
|9     |design_1_mux4_0_1              |         1|
|10    |design_1_mef_decod_i2s_v1b_0_0 |         1|
|11    |design_1_compteur_nbits_0_0    |         1|
|12    |design_1_reg_24b_0_0           |         1|
|13    |design_1_reg_24b_0_1           |         1|
|14    |design_1_reg_dec_24b_0_0       |         1|
|15    |design_1_calcul_param_1_0_1    |         1|
|16    |design_1_compteur_nbits_0_2    |         1|
|17    |design_1_reg_8b_0_0            |         1|
|18    |design_1_compteur_nbits_0_1    |         1|
|19    |design_1_mef_cod_i2s_vsb_0_0   |         1|
|20    |design_1_mux2_0_0              |         1|
|21    |design_1_reg_dec_24b_fd_0_0    |         1|
|22    |design_1_util_vector_logic_0_0 |         1|
+------+-------------------------------+----------+

Report Cell Usage: 
+------+------------------------------------+------+
|      |Cell                                |Count |
+------+------------------------------------+------+
|1     |design_1_affhexPmodSSD_v3_0_0_bbox  |     1|
|2     |design_1_calcul_param_1_0_1_bbox    |     1|
|3     |design_1_calcul_param_2_0_0_bbox    |     1|
|4     |design_1_calcul_param_3_0_0_bbox    |     1|
|5     |design_1_compteur_nbits_0_0_bbox    |     1|
|6     |design_1_compteur_nbits_0_1_bbox    |     1|
|7     |design_1_compteur_nbits_0_2_bbox    |     1|
|8     |design_1_mef_cod_i2s_vsb_0_0_bbox   |     1|
|9     |design_1_mef_decod_i2s_v1b_0_0_bbox |     1|
|10    |design_1_module_commande_0_0_bbox   |     1|
|11    |design_1_mux2_0_0_bbox              |     1|
|12    |design_1_mux4_0_0_bbox              |     1|
|13    |design_1_mux4_0_1_bbox              |     1|
|14    |design_1_reg_24b_0_0_bbox           |     1|
|15    |design_1_reg_24b_0_1_bbox           |     1|
|16    |design_1_reg_8b_0_0_bbox            |     1|
|17    |design_1_reg_dec_24b_0_0_bbox       |     1|
|18    |design_1_reg_dec_24b_fd_0_0_bbox    |     1|
|19    |design_1_sig_fct_3_0_0_bbox         |     1|
|20    |design_1_sig_fct_sat_dure_0_0_bbox  |     1|
|21    |design_1_sig_fct_sat_dure_0_1_bbox  |     1|
|22    |design_1_util_vector_logic_0_0_bbox |     1|
|23    |BUFG                                |     3|
|24    |CARRY4                              |     9|
|25    |LUT1                                |    10|
|26    |LUT2                                |    23|
|27    |LUT3                                |    16|
|28    |LUT4                                |    31|
|29    |LUT5                                |    27|
|30    |LUT6                                |    72|
|31    |PLLE2_BASE                          |     1|
|32    |FDCE                                |     2|
|33    |FDRE                                |   134|
|34    |IBUF                                |    10|
|35    |IOBUF                               |     1|
|36    |OBUF                                |    28|
|37    |OBUFT                               |     1|
+------+------------------------------------+------+
---------------------------------------------------------------------------------
Finished Writing Synthesis Report : Time (s): cpu = 00:00:13 ; elapsed = 00:00:13 . Memory (MB): peak = 1248.176 ; gain = 134.254
---------------------------------------------------------------------------------
Synthesis finished with 0 errors, 0 critical warnings and 0 warnings.
Synthesis Optimization Runtime : Time (s): cpu = 00:00:08 ; elapsed = 00:00:12 . Memory (MB): peak = 1248.176 ; gain = 15.855
Synthesis Optimization Complete : Time (s): cpu = 00:00:13 ; elapsed = 00:00:14 . Memory (MB): peak = 1248.176 ; gain = 134.254
INFO: [Project 1-571] Translating synthesized netlist
Netlist sorting complete. Time (s): cpu = 00:00:00 ; elapsed = 00:00:00.004 . Memory (MB): peak = 1256.219 ; gain = 0.000
INFO: [Netlist 29-17] Analyzing 11 Unisim elements for replacement
INFO: [Netlist 29-28] Unisim Transformation completed in 0 CPU seconds
INFO: [Project 1-570] Preparing netlist for logic optimization
INFO: [Opt 31-138] Pushed 0 inverter(s) to 0 load pin(s).
Netlist sorting complete. Time (s): cpu = 00:00:00 ; elapsed = 00:00:00 . Memory (MB): peak = 1266.531 ; gain = 0.000
INFO: [Project 1-111] Unisim Transformation Summary:
  A total of 2 instances were transformed.
  IOBUF => IOBUF (IBUF, OBUFT): 1 instance 
  PLLE2_BASE => PLLE2_ADV: 1 instance 

INFO: [Common 17-83] Releasing license: Synthesis
142 Infos, 6 Warnings, 0 Critical Warnings and 0 Errors encountered.
synth_design completed successfully
synth_design: Time (s): cpu = 00:00:16 ; elapsed = 00:00:17 . Memory (MB): peak = 1266.531 ; gain = 152.609
INFO: [Common 17-1381] The checkpoint 'F:/Xilinx/Projects/S4_APP2/pb_logique_seq.runs/synth_1/circuit_tr_signal.dcp' has been generated.
INFO: [runtcl-4] Executing : report_utilization -file circuit_tr_signal_utilization_synth.rpt -pb circuit_tr_signal_utilization_synth.pb
INFO: [Common 17-206] Exiting Vivado at Tue Jan 30 14:34:45 2024...
